<?xml version="1.0" encoding="UTF-8"?>
<!-- Generated by org.testng.reporters.JUnitReportReporter -->
<testsuite name="org.vnpt_technology.selenium.erp.system.functional.procurement.procurement" tests="2" time="0.009" ignored="0" failures="0" timestamp="12 Apr 2017 04:20:57 GMT" skipped="0" hostname="THAODNN-PC" errors="0">
  <testcase name="f" time="0.008" classname="org.vnpt_technology.selenium.erp.system.functional.procurement.procurement"/>
  <testcase name="f" time="0.001" classname="org.vnpt_technology.selenium.erp.system.functional.procurement.procurement"/>
</testsuite> <!-- org.vnpt_technology.selenium.erp.system.functional.procurement.procurement -->
